{"/home/chaitanya/task-manager/app/app.js": {"path":"/home/chaitanya/task-manager/app/app.js","statementMap":{"0":{"start":{"line":1,"column":16},"end":{"line":1,"column":34}},"1":{"start":{"line":2,"column":15},"end":{"line":2,"column":32}},"2":{"start":{"line":3,"column":19},"end":{"line":3,"column":44}},"3":{"start":{"line":5,"column":12},"end":{"line":5,"column":21}},"4":{"start":{"line":8,"column":0},"end":{"line":8,"column":24}},"5":{"start":{"line":9,"column":0},"end":{"line":9,"column":23}},"6":{"start":{"line":13,"column":0},"end":{"line":19,"column":3}},"7":{"start":{"line":14,"column":2},"end":{"line":18,"column":5}},"8":{"start":{"line":21,"column":0},"end":{"line":23,"column":3}},"9":{"start":{"line":22,"column":2},"end":{"line":22,"column":44}},"10":{"start":{"line":25,"column":0},"end":{"line":39,"column":3}},"11":{"start":{"line":26,"column":2},"end":{"line":38,"column":5}},"12":{"start":{"line":42,"column":0},"end":{"line":42,"column":30}},"13":{"start":{"line":45,"column":0},"end":{"line":47,"column":3}},"14":{"start":{"line":46,"column":2},"end":{"line":46,"column":53}},"15":{"start":{"line":50,"column":0},"end":{"line":53,"column":3}},"16":{"start":{"line":51,"column":2},"end":{"line":51,"column":27}},"17":{"start":{"line":52,"column":2},"end":{"line":52,"column":59}},"18":{"start":{"line":55,"column":0},"end":{"line":55,"column":21}}},"fnMap":{"0":{"name":"(anonymous_0)","decl":{"start":{"line":13,"column":19},"end":{"line":13,"column":20}},"loc":{"start":{"line":13,"column":33},"end":{"line":19,"column":1}},"line":13},"1":{"name":"(anonymous_1)","decl":{"start":{"line":21,"column":18},"end":{"line":21,"column":19}},"loc":{"start":{"line":21,"column":32},"end":{"line":23,"column":1}},"line":21},"2":{"name":"(anonymous_2)","decl":{"start":{"line":25,"column":13},"end":{"line":25,"column":14}},"loc":{"start":{"line":25,"column":27},"end":{"line":39,"column":1}},"line":25},"3":{"name":"(anonymous_3)","decl":{"start":{"line":45,"column":8},"end":{"line":45,"column":9}},"loc":{"start":{"line":45,"column":22},"end":{"line":47,"column":1}},"line":45},"4":{"name":"(anonymous_4)","decl":{"start":{"line":50,"column":8},"end":{"line":50,"column":9}},"loc":{"start":{"line":50,"column":33},"end":{"line":53,"column":1}},"line":50}},"branchMap":{},"s":{"0":1,"1":1,"2":1,"3":1,"4":1,"5":1,"6":1,"7":1,"8":1,"9":1,"10":1,"11":1,"12":1,"13":1,"14":0,"15":1,"16":0,"17":0,"18":1},"f":{"0":1,"1":1,"2":1,"3":0,"4":0},"b":{},"_coverageSchema":"1a1c01bbd47fc00a2c39e90264f33305004495a9","hash":"c99ec914f9942b8182833b9b3b5e950e4c99d9aa"}
,"/home/chaitanya/task-manager/app/routes/tasks.js": {"path":"/home/chaitanya/task-manager/app/routes/tasks.js","statementMap":{"0":{"start":{"line":1,"column":16},"end":{"line":1,"column":34}},"1":{"start":{"line":2,"column":16},"end":{"line":2,"column":32}},"2":{"start":{"line":3,"column":16},"end":{"line":3,"column":45}},"3":{"start":{"line":6,"column":0},"end":{"line":14,"column":3}},"4":{"start":{"line":7,"column":31},"end":{"line":7,"column":40}},"5":{"start":{"line":8,"column":16},"end":{"line":8,"column":50}},"6":{"start":{"line":9,"column":2},"end":{"line":13,"column":5}},"7":{"start":{"line":17,"column":0},"end":{"line":21,"column":3}},"8":{"start":{"line":18,"column":15},"end":{"line":18,"column":43}},"9":{"start":{"line":19,"column":2},"end":{"line":19,"column":70}},"10":{"start":{"line":19,"column":13},"end":{"line":19,"column":70}},"11":{"start":{"line":20,"column":2},"end":{"line":20,"column":17}},"12":{"start":{"line":24,"column":0},"end":{"line":31,"column":3}},"13":{"start":{"line":25,"column":2},"end":{"line":30,"column":3}},"14":{"start":{"line":26,"column":17},"end":{"line":26,"column":39}},"15":{"start":{"line":27,"column":4},"end":{"line":27,"column":31}},"16":{"start":{"line":29,"column":4},"end":{"line":29,"column":49}},"17":{"start":{"line":34,"column":0},"end":{"line":42,"column":3}},"18":{"start":{"line":35,"column":2},"end":{"line":41,"column":3}},"19":{"start":{"line":36,"column":17},"end":{"line":36,"column":54}},"20":{"start":{"line":37,"column":4},"end":{"line":37,"column":72}},"21":{"start":{"line":37,"column":15},"end":{"line":37,"column":72}},"22":{"start":{"line":38,"column":4},"end":{"line":38,"column":19}},"23":{"start":{"line":40,"column":4},"end":{"line":40,"column":49}},"24":{"start":{"line":45,"column":0},"end":{"line":49,"column":3}},"25":{"start":{"line":46,"column":18},"end":{"line":46,"column":45}},"26":{"start":{"line":47,"column":2},"end":{"line":47,"column":73}},"27":{"start":{"line":47,"column":16},"end":{"line":47,"column":73}},"28":{"start":{"line":48,"column":2},"end":{"line":48,"column":53}},"29":{"start":{"line":51,"column":0},"end":{"line":51,"column":24}}},"fnMap":{"0":{"name":"(anonymous_0)","decl":{"start":{"line":6,"column":16},"end":{"line":6,"column":17}},"loc":{"start":{"line":6,"column":30},"end":{"line":14,"column":1}},"line":6},"1":{"name":"(anonymous_1)","decl":{"start":{"line":17,"column":19},"end":{"line":17,"column":20}},"loc":{"start":{"line":17,"column":33},"end":{"line":21,"column":1}},"line":17},"2":{"name":"(anonymous_2)","decl":{"start":{"line":24,"column":17},"end":{"line":24,"column":18}},"loc":{"start":{"line":24,"column":31},"end":{"line":31,"column":1}},"line":24},"3":{"name":"(anonymous_3)","decl":{"start":{"line":34,"column":19},"end":{"line":34,"column":20}},"loc":{"start":{"line":34,"column":33},"end":{"line":42,"column":1}},"line":34},"4":{"name":"(anonymous_4)","decl":{"start":{"line":45,"column":22},"end":{"line":45,"column":23}},"loc":{"start":{"line":45,"column":36},"end":{"line":49,"column":1}},"line":45}},"branchMap":{"0":{"loc":{"start":{"line":19,"column":2},"end":{"line":19,"column":70}},"type":"if","locations":[{"start":{"line":19,"column":2},"end":{"line":19,"column":70}},{"start":{},"end":{}}],"line":19},"1":{"loc":{"start":{"line":37,"column":4},"end":{"line":37,"column":72}},"type":"if","locations":[{"start":{"line":37,"column":4},"end":{"line":37,"column":72}},{"start":{},"end":{}}],"line":37},"2":{"loc":{"start":{"line":47,"column":2},"end":{"line":47,"column":73}},"type":"if","locations":[{"start":{"line":47,"column":2},"end":{"line":47,"column":73}},{"start":{},"end":{}}],"line":47}},"s":{"0":1,"1":1,"2":1,"3":1,"4":2,"5":2,"6":2,"7":1,"8":2,"9":2,"10":1,"11":1,"12":1,"13":3,"14":3,"15":1,"16":2,"17":1,"18":2,"19":2,"20":2,"21":1,"22":1,"23":0,"24":1,"25":2,"26":2,"27":1,"28":1,"29":1},"f":{"0":2,"1":2,"2":3,"3":2,"4":2},"b":{"0":[1,1],"1":[1,1],"2":[1,1]},"_coverageSchema":"1a1c01bbd47fc00a2c39e90264f33305004495a9","hash":"20b07feeaaf22eeeb542fcda23fbca5305d434cf"}
,"/home/chaitanya/task-manager/app/store/taskStore.js": {"path":"/home/chaitanya/task-manager/app/store/taskStore.js","statementMap":{"0":{"start":{"line":1,"column":23},"end":{"line":1,"column":38}},"1":{"start":{"line":3,"column":12},"end":{"line":7,"column":1}},"2":{"start":{"line":9,"column":25},"end":{"line":9,"column":59}},"3":{"start":{"line":10,"column":25},"end":{"line":10,"column":50}},"4":{"start":{"line":11,"column":17},"end":{"line":11,"column":55}},"5":{"start":{"line":11,"column":25},"end":{"line":11,"column":55}},"6":{"start":{"line":11,"column":43},"end":{"line":11,"column":54}},"7":{"start":{"line":13,"column":18},"end":{"line":56,"column":1}},"8":{"start":{"line":15,"column":17},"end":{"line":15,"column":27}},"9":{"start":{"line":16,"column":4},"end":{"line":16,"column":85}},"10":{"start":{"line":16,"column":26},"end":{"line":16,"column":85}},"11":{"start":{"line":16,"column":54},"end":{"line":16,"column":83}},"12":{"start":{"line":17,"column":4},"end":{"line":17,"column":87}},"13":{"start":{"line":17,"column":26},"end":{"line":17,"column":87}},"14":{"start":{"line":17,"column":54},"end":{"line":17,"column":85}},"15":{"start":{"line":18,"column":4},"end":{"line":18,"column":18}},"16":{"start":{"line":20,"column":16},"end":{"line":20,"column":44}},"17":{"start":{"line":22,"column":4},"end":{"line":22,"column":76}},"18":{"start":{"line":22,"column":39},"end":{"line":22,"column":76}},"19":{"start":{"line":23,"column":4},"end":{"line":23,"column":115}},"20":{"start":{"line":23,"column":44},"end":{"line":23,"column":115}},"21":{"start":{"line":24,"column":4},"end":{"line":24,"column":121}},"22":{"start":{"line":24,"column":46},"end":{"line":24,"column":121}},"23":{"start":{"line":25,"column":17},"end":{"line":25,"column":179}},"24":{"start":{"line":26,"column":4},"end":{"line":26,"column":21}},"25":{"start":{"line":27,"column":4},"end":{"line":27,"column":16}},"26":{"start":{"line":30,"column":17},"end":{"line":30,"column":29}},"27":{"start":{"line":31,"column":4},"end":{"line":31,"column":27}},"28":{"start":{"line":31,"column":15},"end":{"line":31,"column":27}},"29":{"start":{"line":32,"column":53},"end":{"line":32,"column":60}},"30":{"start":{"line":33,"column":4},"end":{"line":33,"column":127}},"31":{"start":{"line":33,"column":56},"end":{"line":33,"column":127}},"32":{"start":{"line":34,"column":4},"end":{"line":34,"column":133}},"33":{"start":{"line":34,"column":58},"end":{"line":34,"column":133}},"34":{"start":{"line":35,"column":4},"end":{"line":35,"column":67}},"35":{"start":{"line":35,"column":35},"end":{"line":35,"column":67}},"36":{"start":{"line":36,"column":4},"end":{"line":36,"column":73}},"37":{"start":{"line":36,"column":35},"end":{"line":36,"column":73}},"38":{"start":{"line":37,"column":4},"end":{"line":37,"column":61}},"39":{"start":{"line":37,"column":35},"end":{"line":37,"column":61}},"40":{"start":{"line":38,"column":4},"end":{"line":38,"column":63}},"41":{"start":{"line":38,"column":35},"end":{"line":38,"column":63}},"42":{"start":{"line":39,"column":4},"end":{"line":39,"column":46}},"43":{"start":{"line":40,"column":4},"end":{"line":40,"column":16}},"44":{"start":{"line":43,"column":18},"end":{"line":43,"column":53}},"45":{"start":{"line":43,"column":41},"end":{"line":43,"column":52}},"46":{"start":{"line":44,"column":4},"end":{"line":44,"column":35}},"47":{"start":{"line":44,"column":22},"end":{"line":44,"column":35}},"48":{"start":{"line":45,"column":4},"end":{"line":45,"column":27}},"49":{"start":{"line":46,"column":4},"end":{"line":46,"column":16}},"50":{"start":{"line":49,"column":4},"end":{"line":54,"column":6}},"51":{"start":{"line":51,"column":36},"end":{"line":51,"column":58}},"52":{"start":{"line":52,"column":36},"end":{"line":52,"column":62}},"53":{"start":{"line":53,"column":36},"end":{"line":53,"column":55}},"54":{"start":{"line":58,"column":0},"end":{"line":58,"column":27}}},"fnMap":{"0":{"name":"(anonymous_0)","decl":{"start":{"line":11,"column":17},"end":{"line":11,"column":18}},"loc":{"start":{"line":11,"column":25},"end":{"line":11,"column":55}},"line":11},"1":{"name":"(anonymous_1)","decl":{"start":{"line":11,"column":36},"end":{"line":11,"column":37}},"loc":{"start":{"line":11,"column":43},"end":{"line":11,"column":54}},"line":11},"2":{"name":"(anonymous_2)","decl":{"start":{"line":14,"column":2},"end":{"line":14,"column":3}},"loc":{"start":{"line":14,"column":23},"end":{"line":19,"column":3}},"line":14},"3":{"name":"(anonymous_3)","decl":{"start":{"line":16,"column":49},"end":{"line":16,"column":50}},"loc":{"start":{"line":16,"column":54},"end":{"line":16,"column":83}},"line":16},"4":{"name":"(anonymous_4)","decl":{"start":{"line":17,"column":49},"end":{"line":17,"column":50}},"loc":{"start":{"line":17,"column":54},"end":{"line":17,"column":85}},"line":17},"5":{"name":"(anonymous_5)","decl":{"start":{"line":20,"column":2},"end":{"line":20,"column":3}},"loc":{"start":{"line":20,"column":14},"end":{"line":20,"column":46}},"line":20},"6":{"name":"(anonymous_6)","decl":{"start":{"line":21,"column":2},"end":{"line":21,"column":3}},"loc":{"start":{"line":21,"column":79},"end":{"line":28,"column":3}},"line":21},"7":{"name":"(anonymous_7)","decl":{"start":{"line":29,"column":2},"end":{"line":29,"column":3}},"loc":{"start":{"line":29,"column":22},"end":{"line":41,"column":3}},"line":29},"8":{"name":"(anonymous_8)","decl":{"start":{"line":42,"column":2},"end":{"line":42,"column":3}},"loc":{"start":{"line":42,"column":13},"end":{"line":47,"column":3}},"line":42},"9":{"name":"(anonymous_9)","decl":{"start":{"line":43,"column":34},"end":{"line":43,"column":35}},"loc":{"start":{"line":43,"column":41},"end":{"line":43,"column":52}},"line":43},"10":{"name":"(anonymous_10)","decl":{"start":{"line":48,"column":2},"end":{"line":48,"column":3}},"loc":{"start":{"line":48,"column":10},"end":{"line":55,"column":3}},"line":48},"11":{"name":"(anonymous_11)","decl":{"start":{"line":51,"column":31},"end":{"line":51,"column":32}},"loc":{"start":{"line":51,"column":36},"end":{"line":51,"column":58}},"line":51},"12":{"name":"(anonymous_12)","decl":{"start":{"line":52,"column":31},"end":{"line":52,"column":32}},"loc":{"start":{"line":52,"column":36},"end":{"line":52,"column":62}},"line":52},"13":{"name":"(anonymous_13)","decl":{"start":{"line":53,"column":31},"end":{"line":53,"column":32}},"loc":{"start":{"line":53,"column":36},"end":{"line":53,"column":55}},"line":53}},"branchMap":{"0":{"loc":{"start":{"line":14,"column":9},"end":{"line":14,"column":21}},"type":"default-arg","locations":[{"start":{"line":14,"column":19},"end":{"line":14,"column":21}}],"line":14},"1":{"loc":{"start":{"line":16,"column":4},"end":{"line":16,"column":85}},"type":"if","locations":[{"start":{"line":16,"column":4},"end":{"line":16,"column":85}},{"start":{},"end":{}}],"line":16},"2":{"loc":{"start":{"line":17,"column":4},"end":{"line":17,"column":87}},"type":"if","locations":[{"start":{"line":17,"column":4},"end":{"line":17,"column":87}},{"start":{},"end":{}}],"line":17},"3":{"loc":{"start":{"line":20,"column":23},"end":{"line":20,"column":43}},"type":"binary-expr","locations":[{"start":{"line":20,"column":23},"end":{"line":20,"column":35}},{"start":{"line":20,"column":39},"end":{"line":20,"column":43}}],"line":20},"4":{"loc":{"start":{"line":21,"column":18},"end":{"line":21,"column":34}},"type":"default-arg","locations":[{"start":{"line":21,"column":32},"end":{"line":21,"column":34}}],"line":21},"5":{"loc":{"start":{"line":21,"column":36},"end":{"line":21,"column":54}},"type":"default-arg","locations":[{"start":{"line":21,"column":45},"end":{"line":21,"column":54}}],"line":21},"6":{"loc":{"start":{"line":21,"column":56},"end":{"line":21,"column":75}},"type":"default-arg","locations":[{"start":{"line":21,"column":67},"end":{"line":21,"column":75}}],"line":21},"7":{"loc":{"start":{"line":22,"column":4},"end":{"line":22,"column":76}},"type":"if","locations":[{"start":{"line":22,"column":4},"end":{"line":22,"column":76}},{"start":{},"end":{}}],"line":22},"8":{"loc":{"start":{"line":22,"column":8},"end":{"line":22,"column":37}},"type":"binary-expr","locations":[{"start":{"line":22,"column":8},"end":{"line":22,"column":14}},{"start":{"line":22,"column":18},"end":{"line":22,"column":37}}],"line":22},"9":{"loc":{"start":{"line":23,"column":4},"end":{"line":23,"column":115}},"type":"if","locations":[{"start":{"line":23,"column":4},"end":{"line":23,"column":115}},{"start":{},"end":{}}],"line":23},"10":{"loc":{"start":{"line":24,"column":4},"end":{"line":24,"column":121}},"type":"if","locations":[{"start":{"line":24,"column":4},"end":{"line":24,"column":121}},{"start":{},"end":{}}],"line":24},"11":{"loc":{"start":{"line":31,"column":4},"end":{"line":31,"column":27}},"type":"if","locations":[{"start":{"line":31,"column":4},"end":{"line":31,"column":27}},{"start":{},"end":{}}],"line":31},"12":{"loc":{"start":{"line":33,"column":4},"end":{"line":33,"column":127}},"type":"if","locations":[{"start":{"line":33,"column":4},"end":{"line":33,"column":127}},{"start":{},"end":{}}],"line":33},"13":{"loc":{"start":{"line":33,"column":8},"end":{"line":33,"column":50}},"type":"binary-expr","locations":[{"start":{"line":33,"column":8},"end":{"line":33,"column":14}},{"start":{"line":33,"column":18},"end":{"line":33,"column":50}}],"line":33},"14":{"loc":{"start":{"line":34,"column":4},"end":{"line":34,"column":133}},"type":"if","locations":[{"start":{"line":34,"column":4},"end":{"line":34,"column":133}},{"start":{},"end":{}}],"line":34},"15":{"loc":{"start":{"line":34,"column":8},"end":{"line":34,"column":56}},"type":"binary-expr","locations":[{"start":{"line":34,"column":8},"end":{"line":34,"column":16}},{"start":{"line":34,"column":20},"end":{"line":34,"column":56}}],"line":34},"16":{"loc":{"start":{"line":35,"column":4},"end":{"line":35,"column":67}},"type":"if","locations":[{"start":{"line":35,"column":4},"end":{"line":35,"column":67}},{"start":{},"end":{}}],"line":35},"17":{"loc":{"start":{"line":36,"column":4},"end":{"line":36,"column":73}},"type":"if","locations":[{"start":{"line":36,"column":4},"end":{"line":36,"column":73}},{"start":{},"end":{}}],"line":36},"18":{"loc":{"start":{"line":37,"column":4},"end":{"line":37,"column":61}},"type":"if","locations":[{"start":{"line":37,"column":4},"end":{"line":37,"column":61}},{"start":{},"end":{}}],"line":37},"19":{"loc":{"start":{"line":38,"column":4},"end":{"line":38,"column":63}},"type":"if","locations":[{"start":{"line":38,"column":4},"end":{"line":38,"column":63}},{"start":{},"end":{}}],"line":38},"20":{"loc":{"start":{"line":44,"column":4},"end":{"line":44,"column":35}},"type":"if","locations":[{"start":{"line":44,"column":4},"end":{"line":44,"column":35}},{"start":{},"end":{}}],"line":44}},"s":{"0":1,"1":1,"2":1,"3":1,"4":1,"5":4,"6":16,"7":1,"8":2,"9":2,"10":1,"11":3,"12":2,"13":0,"14":0,"15":2,"16":2,"17":3,"18":1,"19":2,"20":1,"21":1,"22":0,"23":1,"24":1,"25":1,"26":2,"27":2,"28":1,"29":1,"30":1,"31":0,"32":1,"33":0,"34":1,"35":0,"36":1,"37":0,"38":1,"39":1,"40":1,"41":1,"42":1,"43":1,"44":2,"45":7,"46":2,"47":1,"48":1,"49":1,"50":2,"51":6,"52":6,"53":6,"54":1},"f":{"0":4,"1":16,"2":2,"3":3,"4":0,"5":2,"6":3,"7":2,"8":2,"9":7,"10":2,"11":6,"12":6,"13":6},"b":{"0":[0],"1":[1,1],"2":[0,2],"3":[2,1],"4":[1],"5":[2],"6":[2],"7":[1,2],"8":[3,2],"9":[1,1],"10":[0,1],"11":[1,1],"12":[0,1],"13":[1,1],"14":[0,1],"15":[1,1],"16":[0,1],"17":[0,1],"18":[1,0],"19":[1,0],"20":[1,1]},"_coverageSchema":"1a1c01bbd47fc00a2c39e90264f33305004495a9","hash":"28c93edbbba327c5f754f3b84b2e4aa2689b49dc"}
}
