TN:
SF:app.js
FN:13,(anonymous_0)
FN:21,(anonymous_1)
FN:25,(anonymous_2)
FN:45,(anonymous_3)
FN:50,(anonymous_4)
FNF:5
FNH:3
FNDA:1,(anonymous_0)
FNDA:1,(anonymous_1)
FNDA:1,(anonymous_2)
FNDA:0,(anonymous_3)
FNDA:0,(anonymous_4)
DA:1,1
DA:2,1
DA:3,1
DA:5,1
DA:8,1
DA:9,1
DA:13,1
DA:14,1
DA:21,1
DA:22,1
DA:25,1
DA:26,1
DA:42,1
DA:45,1
DA:46,0
DA:50,1
DA:51,0
DA:52,0
DA:55,1
LF:19
LH:16
BRF:0
BRH:0
end_of_record
TN:
SF:routes/tasks.js
FN:6,(anonymous_0)
FN:17,(anonymous_1)
FN:24,(anonymous_2)
FN:34,(anonymous_3)
FN:45,(anonymous_4)
FNF:5
FNH:5
FNDA:2,(anonymous_0)
FNDA:2,(anonymous_1)
FNDA:3,(anonymous_2)
FNDA:2,(anonymous_3)
FNDA:2,(anonymous_4)
DA:1,1
DA:2,1
DA:3,1
DA:6,1
DA:7,2
DA:8,2
DA:9,2
DA:17,1
DA:18,2
DA:19,2
DA:20,1
DA:24,1
DA:25,3
DA:26,3
DA:27,1
DA:29,2
DA:34,1
DA:35,2
DA:36,2
DA:37,2
DA:38,1
DA:40,0
DA:45,1
DA:46,2
DA:47,2
DA:48,1
DA:51,1
LF:27
LH:26
BRDA:19,0,0,1
BRDA:19,0,1,1
BRDA:37,1,0,1
BRDA:37,1,1,1
BRDA:47,2,0,1
BRDA:47,2,1,1
BRF:6
BRH:6
end_of_record
TN:
SF:store/taskStore.js
FN:11,(anonymous_0)
FN:11,(anonymous_1)
FN:14,(anonymous_2)
FN:16,(anonymous_3)
FN:17,(anonymous_4)
FN:20,(anonymous_5)
FN:21,(anonymous_6)
FN:29,(anonymous_7)
FN:42,(anonymous_8)
FN:43,(anonymous_9)
FN:48,(anonymous_10)
FN:51,(anonymous_11)
FN:52,(anonymous_12)
FN:53,(anonymous_13)
FNF:14
FNH:13
FNDA:4,(anonymous_0)
FNDA:16,(anonymous_1)
FNDA:2,(anonymous_2)
FNDA:3,(anonymous_3)
FNDA:0,(anonymous_4)
FNDA:2,(anonymous_5)
FNDA:3,(anonymous_6)
FNDA:2,(anonymous_7)
FNDA:2,(anonymous_8)
FNDA:7,(anonymous_9)
FNDA:2,(anonymous_10)
FNDA:6,(anonymous_11)
FNDA:6,(anonymous_12)
FNDA:6,(anonymous_13)
DA:1,1
DA:3,1
DA:9,1
DA:10,1
DA:11,16
DA:13,1
DA:15,2
DA:16,3
DA:17,2
DA:18,2
DA:20,2
DA:22,3
DA:23,2
DA:24,1
DA:25,1
DA:26,1
DA:27,1
DA:30,2
DA:31,2
DA:32,1
DA:33,1
DA:34,1
DA:35,1
DA:36,1
DA:37,1
DA:38,1
DA:39,1
DA:40,1
DA:43,7
DA:44,2
DA:45,1
DA:46,1
DA:49,2
DA:51,6
DA:52,6
DA:53,6
DA:58,1
LF:37
LH:37
BRDA:14,0,0,0
BRDA:16,1,0,1
BRDA:16,1,1,1
BRDA:17,2,0,0
BRDA:17,2,1,2
BRDA:20,3,0,2
BRDA:20,3,1,1
BRDA:21,4,0,1
BRDA:21,5,0,2
BRDA:21,6,0,2
BRDA:22,7,0,1
BRDA:22,7,1,2
BRDA:22,8,0,3
BRDA:22,8,1,2
BRDA:23,9,0,1
BRDA:23,9,1,1
BRDA:24,10,0,0
BRDA:24,10,1,1
BRDA:31,11,0,1
BRDA:31,11,1,1
BRDA:33,12,0,0
BRDA:33,12,1,1
BRDA:33,13,0,1
BRDA:33,13,1,1
BRDA:34,14,0,0
BRDA:34,14,1,1
BRDA:34,15,0,1
BRDA:34,15,1,1
BRDA:35,16,0,0
BRDA:35,16,1,1
BRDA:36,17,0,0
BRDA:36,17,1,1
BRDA:37,18,0,1
BRDA:37,18,1,0
BRDA:38,19,0,1
BRDA:38,19,1,0
BRDA:44,20,0,1
BRDA:44,20,1,1
BRF:38
BRH:29
end_of_record
